<?xml version="1.0" encoding="UTF-8"?>
<testsuite name="NumbersWordsTest" tests="1" skipped="0" failures="0" errors="0" timestamp="2016-04-19T21:19:49" hostname="epicodus-39.local" time="0.001">
  <properties/>
  <testcase name="calculateNumber_forNumberOne_1" classname="NumbersWordsTest" time="0.001"/>
  <system-out><![CDATA[]]></system-out>
  <system-err><![CDATA[]]></system-err>
</testsuite>
