<?xml version="1.0" encoding="UTF-8"?>
<testsuite name="NumbersWordsTest" tests="4" skipped="0" failures="0" errors="0" timestamp="2016-04-19T23:35:47" hostname="epicodus-39.local" time="0.002">
  <properties/>
  <testcase name="calculateNumber_forNumberOneThroughNine_1" classname="NumbersWordsTest" time="0.001"/>
  <testcase name="calculateNumber_forNumberTwentyThroughNinetyNine_21" classname="NumbersWordsTest" time="0.0"/>
  <testcase name="calculateNumber_forNumberTwentyThroughNinetyNine_99" classname="NumbersWordsTest" time="0.0"/>
  <testcase name="calculateNumber_forNumberTenThroughNineteen_11" classname="NumbersWordsTest" time="0.0"/>
  <system-out><![CDATA[]]></system-out>
  <system-err><![CDATA[]]></system-err>
</testsuite>
